{"total": {"lines":{"total":525,"covered":508,"skipped":0,"pct":96.76},"statements":{"total":525,"covered":508,"skipped":0,"pct":96.76},"functions":{"total":53,"covered":52,"skipped":0,"pct":98.11},"branches":{"total":98,"covered":88,"skipped":0,"pct":89.79},"branchesTrue":{"total":0,"covered":0,"skipped":0,"pct":100}}
,"/Users/showfolder/Documents/workSpace/SELF/SELATTENDANCE/SELVUE/src/App.vue": {"lines":{"total":51,"covered":42,"skipped":0,"pct":82.35},"functions":{"total":2,"covered":1,"skipped":0,"pct":50},"statements":{"total":51,"covered":42,"skipped":0,"pct":82.35},"branches":{"total":8,"covered":8,"skipped":0,"pct":100}}
,"/Users/showfolder/Documents/workSpace/SELF/SELATTENDANCE/SELVUE/src/projects/index.js": {"lines":{"total":40,"covered":40,"skipped":0,"pct":100},"functions":{"total":5,"covered":5,"skipped":0,"pct":100},"statements":{"total":40,"covered":40,"skipped":0,"pct":100},"branches":{"total":19,"covered":14,"skipped":0,"pct":73.68}}
,"/Users/showfolder/Documents/workSpace/SELF/SELATTENDANCE/SELVUE/src/projects/attendance/index.js": {"lines":{"total":12,"covered":12,"skipped":0,"pct":100},"functions":{"total":0,"covered":0,"skipped":0,"pct":100},"statements":{"total":12,"covered":12,"skipped":0,"pct":100},"branches":{"total":0,"covered":0,"skipped":0,"pct":100}}
,"/Users/showfolder/Documents/workSpace/SELF/SELATTENDANCE/SELVUE/src/projects/attendance/composables/useAttendanceWorkbench.js": {"lines":{"total":2,"covered":2,"skipped":0,"pct":100},"functions":{"total":0,"covered":0,"skipped":0,"pct":100},"statements":{"total":2,"covered":2,"skipped":0,"pct":100},"branches":{"total":0,"covered":0,"skipped":0,"pct":100}}
,"/Users/showfolder/Documents/workSpace/SELF/SELATTENDANCE/SELVUE/src/projects/attendance/composables/workbench/helpers.js": {"lines":{"total":85,"covered":79,"skipped":0,"pct":92.94},"functions":{"total":5,"covered":5,"skipped":0,"pct":100},"statements":{"total":85,"covered":79,"skipped":0,"pct":92.94},"branches":{"total":16,"covered":12,"skipped":0,"pct":75}}
,"/Users/showfolder/Documents/workSpace/SELF/SELATTENDANCE/SELVUE/src/projects/attendance/composables/workbench/state.js": {"lines":{"total":155,"covered":155,"skipped":0,"pct":100},"functions":{"total":7,"covered":7,"skipped":0,"pct":100},"statements":{"total":155,"covered":155,"skipped":0,"pct":100},"branches":{"total":7,"covered":7,"skipped":0,"pct":100}}
,"/Users/showfolder/Documents/workSpace/SELF/SELATTENDANCE/SELVUE/src/projects/attendance/services/bootstrapApi.js": {"lines":{"total":8,"covered":8,"skipped":0,"pct":100},"functions":{"total":3,"covered":3,"skipped":0,"pct":100},"statements":{"total":8,"covered":8,"skipped":0,"pct":100},"branches":{"total":3,"covered":3,"skipped":0,"pct":100}}
,"/Users/showfolder/Documents/workSpace/SELF/SELATTENDANCE/SELVUE/src/projects/attendance/services/departmentApi.js": {"lines":{"total":12,"covered":12,"skipped":0,"pct":100},"functions":{"total":4,"covered":4,"skipped":0,"pct":100},"statements":{"total":12,"covered":12,"skipped":0,"pct":100},"branches":{"total":4,"covered":4,"skipped":0,"pct":100}}
,"/Users/showfolder/Documents/workSpace/SELF/SELATTENDANCE/SELVUE/src/projects/attendance/services/employeeApi.js": {"lines":{"total":43,"covered":41,"skipped":0,"pct":95.34},"functions":{"total":8,"covered":8,"skipped":0,"pct":100},"statements":{"total":43,"covered":41,"skipped":0,"pct":95.34},"branches":{"total":14,"covered":13,"skipped":0,"pct":92.85}}
,"/Users/showfolder/Documents/workSpace/SELF/SELATTENDANCE/SELVUE/src/projects/attendance/services/index.js": {"lines":{"total":12,"covered":12,"skipped":0,"pct":100},"functions":{"total":0,"covered":0,"skipped":0,"pct":100},"statements":{"total":12,"covered":12,"skipped":0,"pct":100},"branches":{"total":0,"covered":0,"skipped":0,"pct":100}}
,"/Users/showfolder/Documents/workSpace/SELF/SELATTENDANCE/SELVUE/src/projects/attendance/services/scheduleApi.js": {"lines":{"total":43,"covered":43,"skipped":0,"pct":100},"functions":{"total":10,"covered":10,"skipped":0,"pct":100},"statements":{"total":43,"covered":43,"skipped":0,"pct":100},"branches":{"total":18,"covered":18,"skipped":0,"pct":100}}
,"/Users/showfolder/Documents/workSpace/SELF/SELATTENDANCE/SELVUE/src/projects/attendance/services/shiftTemplateApi.js": {"lines":{"total":15,"covered":15,"skipped":0,"pct":100},"functions":{"total":5,"covered":5,"skipped":0,"pct":100},"statements":{"total":15,"covered":15,"skipped":0,"pct":100},"branches":{"total":5,"covered":5,"skipped":0,"pct":100}}
,"/Users/showfolder/Documents/workSpace/SELF/SELATTENDANCE/SELVUE/src/projects/attendance/services/workplaceApi.js": {"lines":{"total":12,"covered":12,"skipped":0,"pct":100},"functions":{"total":4,"covered":4,"skipped":0,"pct":100},"statements":{"total":12,"covered":12,"skipped":0,"pct":100},"branches":{"total":4,"covered":4,"skipped":0,"pct":100}}
,"/Users/showfolder/Documents/workSpace/SELF/SELATTENDANCE/SELVUE/src/projects/memory/index.js": {"lines":{"total":12,"covered":12,"skipped":0,"pct":100},"functions":{"total":0,"covered":0,"skipped":0,"pct":100},"statements":{"total":12,"covered":12,"skipped":0,"pct":100},"branches":{"total":0,"covered":0,"skipped":0,"pct":100}}
,"/Users/showfolder/Documents/workSpace/SELF/SELATTENDANCE/SELVUE/src/projects/memory/views/MemoryWorkbenchView.vue": {"lines":{"total":23,"covered":23,"skipped":0,"pct":100},"functions":{"total":0,"covered":0,"skipped":0,"pct":100},"statements":{"total":23,"covered":23,"skipped":0,"pct":100},"branches":{"total":0,"covered":0,"skipped":0,"pct":100}}
}
